<?xml version="1.0" encoding="UTF-8"?>
<!-- Generated by org.testng.reporters.JUnitReportReporter -->
<testsuite hostname="LAPTOP-OLKMDF30" failures="0" tests="3" name="parallel_crossBrowserTest.CrossBrowserTest" time="30.066" errors="0" timestamp="2024-01-02T16:53:23 IST" skipped="0">
  <testcase classname="parallel_crossBrowserTest.CrossBrowserTest" name="browserTest" time="14.896"/>
  <system-out/>
  <testcase classname="parallel_crossBrowserTest.CrossBrowserTest" name="browserTest" time="7.210"/>
  <system-out/>
  <testcase classname="parallel_crossBrowserTest.CrossBrowserTest" name="browserTest" time="7.960"/>
  <system-out/>
</testsuite> <!-- parallel_crossBrowserTest.CrossBrowserTest -->
