<?xml version="1.0" encoding="UTF-8"?>
<!-- Generated by org.testng.reporters.JUnitReportReporter -->
<testsuite hostname="LAPTOP-OLKMDF30" failures="0" tests="4" name="DataDrivenTest.UsingArray" time="0.017" errors="0" timestamp="2024-01-02T17:23:20 IST" skipped="0">
  <testcase classname="DataDrivenTest.UsingArray" name="loinTest" time="0.003"/>
  <system-out/>
  <testcase classname="DataDrivenTest.UsingArray" name="loinTest" time="0.010"/>
  <system-out/>
  <testcase classname="DataDrivenTest.UsingArray" name="loinTest" time="0.002"/>
  <system-out/>
  <testcase classname="DataDrivenTest.UsingArray" name="loinTest" time="0.002"/>
  <system-out/>
</testsuite> <!-- DataDrivenTest.UsingArray -->
