<?xml version="1.0" encoding="UTF-8"?>
<!-- Generated by org.testng.reporters.JUnitReportReporter -->
<testsuite hostname="LAPTOP-OLKMDF30" failures="0" tests="3" name="parallel_crossBrowserTest.ParallelWithMethod" time="33.372" errors="0" timestamp="2024-01-02T15:47:46 IST" skipped="0">
  <testcase classname="parallel_crossBrowserTest.ParallelWithMethod" name="ChromeTest" time="6.909"/>
  <system-out/>
  <testcase classname="parallel_crossBrowserTest.ParallelWithMethod" name="FirefoxTest" time="15.731"/>
  <system-out/>
  <testcase classname="parallel_crossBrowserTest.ParallelWithMethod" name="EdgeTest" time="10.732"/>
  <system-out/>
</testsuite> <!-- parallel_crossBrowserTest.ParallelWithMethod -->
