<?xml version="1.0" encoding="UTF-8"?>
<!-- Generated by org.testng.reporters.JUnitReportReporter -->
<testsuite hostname="LAPTOP-OLKMDF30" failures="0" tests="1" name="testNGDemo.ScreenShotDemo" time="8.252" errors="0" timestamp="2023-12-29T12:30:41 IST" skipped="0">
  <testcase classname="testNGDemo.ScreenShotDemo" name="capture" time="8.252"/>
  <system-out/>
</testsuite> <!-- testNGDemo.ScreenShotDemo -->
