<?xml version="1.0" encoding="UTF-8"?>
<!-- Generated by org.testng.reporters.JUnitReportReporter -->
<testsuite hostname="LAPTOP-OLKMDF30" failures="0" tests="3" name="testNGDemo.AnnotationDemo" time="0.041" errors="0" timestamp="2023-12-25T22:55:31 IST" skipped="0">
  <testcase classname="testNGDemo.AnnotationDemo" name="registerTest" time="0.030"/>
  <system-out/>
  <testcase classname="testNGDemo.AnnotationDemo" name="LoginTest" time="0.005"/>
  <system-out/>
  <testcase classname="testNGDemo.AnnotationDemo" name="LogoutTest" time="0.006"/>
  <system-out/>
</testsuite> <!-- testNGDemo.AnnotationDemo -->
