<?xml version="1.0" encoding="UTF-8"?>
<!-- Generated by org.testng.reporters.JUnitReportReporter -->
<testsuite hostname="LAPTOP-OLKMDF30" failures="0" tests="2" name="realTimeAnnotaionUse.CRMTestCases" time="1.699" errors="0" timestamp="2023-12-26T16:49:33 IST" skipped="0">
  <testcase classname="realTimeAnnotaionUse.CRMTestCases" name="signInlinkValidation" time="0.792"/>
  <system-out/>
  <testcase classname="realTimeAnnotaionUse.CRMTestCases" name="loginValidation" time="0.907"/>
  <system-out/>
</testsuite> <!-- realTimeAnnotaionUse.CRMTestCases -->
