<?xml version="1.0" encoding="UTF-8"?>
<!-- Generated by org.testng.reporters.JUnitReportReporter -->
<testsuite hostname="LAPTOP-OLKMDF30" failures="0" tests="4" name="testNGDemo.TestDisableFromExecution" time="0.021" errors="0" timestamp="2023-12-22T18:33:20 IST" skipped="1">
  <testcase classname="testNGDemo.TestDisableFromExecution" name="teatCase2" time="0.002"/>
  <system-out/>
  <testcase classname="testNGDemo.TestDisableFromExecution" name="teatCase1" time="0.016"/>
  <system-out/>
  <testcase classname="testNGDemo.TestDisableFromExecution" name="testCase4" time="0.003"/>
  <system-out/>
  <testcase classname="testNGDemo.TestDisableFromExecution" name="teatCase3">
    <skipped/>
  </testcase> <!-- teatCase3 -->
  <system-out/>
</testsuite> <!-- testNGDemo.TestDisableFromExecution -->
