<?xml version="1.0" encoding="UTF-8"?>
<!-- Generated by org.testng.reporters.JUnitReportReporter -->
<testsuite hostname="LAPTOP-OLKMDF30" failures="0" tests="1" name="testNGDemo.HrmDataPassingUsingXml" time="9.078" errors="0" timestamp="2023-12-29T18:15:07 IST" skipped="0">
  <testcase classname="testNGDemo.HrmDataPassingUsingXml" name="loginTest" time="9.078"/>
  <system-out/>
</testsuite> <!-- testNGDemo.HrmDataPassingUsingXml -->
