<?xml version="1.0" encoding="UTF-8"?>
<!-- Generated by org.testng.reporters.JUnitReportReporter -->
<testsuite hostname="LAPTOP-OLKMDF30" failures="0" tests="1" name="realTimeAnnotaionUse.CRMTestBasic" time="5.849" errors="0" timestamp="2023-12-26T16:11:25 IST" skipped="0">
  <testcase classname="realTimeAnnotaionUse.CRMTestBasic" name="CRMTest" time="5.849"/>
  <system-out/>
</testsuite> <!-- realTimeAnnotaionUse.CRMTestBasic -->
