<?xml version="1.0" encoding="UTF-8"?>
<!-- Generated by org.testng.reporters.JUnitReportReporter -->
<testsuite hostname="LAPTOP-OLKMDF30" failures="0" tests="2" name="pageObjectModel.TestCase.NewLoginPageTest" time="0.792" errors="0" timestamp="2023-12-27T14:18:48 IST" skipped="0">
  <testcase classname="pageObjectModel.TestCase.NewLoginPageTest" name="verifyUrl" time="0.029"/>
  <system-out/>
  <testcase classname="pageObjectModel.TestCase.NewLoginPageTest" name="verifyLogin" time="0.763"/>
  <system-out/>
</testsuite> <!-- pageObjectModel.TestCase.NewLoginPageTest -->
