<?xml version="1.0" encoding="UTF-8"?>
<!-- Generated by org.testng.reporters.JUnitReportReporter -->
<testsuite hostname="LAPTOP-OLKMDF30" failures="0" tests="1" name="parallel_crossBrowserTest.Class2" time="10.298" errors="0" timestamp="2024-01-02T16:19:59 IST" skipped="0">
  <testcase classname="parallel_crossBrowserTest.Class2" name="FirefoxTest" time="10.298"/>
  <system-out/>
</testsuite> <!-- parallel_crossBrowserTest.Class2 -->
