<?xml version="1.0" encoding="UTF-8"?>
<!-- Generated by org.testng.reporters.JUnitReportReporter -->
<testsuite hostname="LAPTOP-OLKMDF30" failures="0" tests="2" name="testNGDemo.TestDemo1" time="0.006" errors="0" timestamp="2023-12-22T18:17:35 IST" skipped="0">
  <testcase classname="testNGDemo.TestDemo1" name="TestCase1" time="0.006"/>
  <system-out/>
  <testcase classname="testNGDemo.TestDemo1" name="TestCase2" time="0.000"/>
  <system-out/>
</testsuite> <!-- testNGDemo.TestDemo1 -->
