<?xml version="1.0" encoding="UTF-8"?>
<!-- Generated by org.testng.reporters.JUnitReportReporter -->
<testsuite hostname="LAPTOP-OLKMDF30" failures="0" tests="1" name="testNGDemo.GoogleTitleValidation" time="8.675" errors="0" timestamp="2023-12-22T18:17:35 IST" skipped="0">
  <testcase classname="testNGDemo.GoogleTitleValidation" name="titleValidation" time="8.675"/>
  <system-out/>
</testsuite> <!-- testNGDemo.GoogleTitleValidation -->
