<?xml version="1.0" encoding="UTF-8"?>
<!-- Generated by org.testng.reporters.JUnitReportReporter -->
<testsuite hostname="LAPTOP-OLKMDF30" failures="0" tests="5" name="testNGDemo.InvocationCount" time="0.028" errors="0" timestamp="2023-12-22T18:17:35 IST" skipped="0">
  <testcase classname="testNGDemo.InvocationCount" name="enrollForTheCourse" time="0.001"/>
  <system-out/>
  <testcase classname="testNGDemo.InvocationCount" name="training" time="0.010"/>
  <system-out/>
  <testcase classname="testNGDemo.InvocationCount" name="placementcall" time="0.011"/>
  <system-out/>
  <testcase classname="testNGDemo.InvocationCount" name="placementcall" time="0.006"/>
  <system-out/>
  <testcase classname="testNGDemo.InvocationCount" name="placementcall" time="0.000"/>
  <system-out/>
</testsuite> <!-- testNGDemo.InvocationCount -->
