<?xml version="1.0" encoding="UTF-8"?>
<!-- Generated by org.testng.reporters.JUnitReportReporter -->
<testsuite hostname="LAPTOP-OLKMDF30" failures="0" tests="1" name="testNGDemo.PropertiesFileGoogleRead" time="5.649" errors="0" timestamp="2024-01-02T15:35:21 IST" skipped="0">
  <testcase classname="testNGDemo.PropertiesFileGoogleRead" name="readFile" time="5.649"/>
  <system-out/>
</testsuite> <!-- testNGDemo.PropertiesFileGoogleRead -->
