<?xml version="1.0" encoding="UTF-8"?>
<!-- Generated by org.testng.reporters.JUnitReportReporter -->
<testsuite hostname="LAPTOP-OLKMDF30" failures="0" tests="3" name="pageObjectModel.TestCase.LoginPageTest" time="2.076" errors="0" timestamp="2023-12-27T13:37:17 IST" skipped="0">
  <testcase classname="pageObjectModel.TestCase.LoginPageTest" name="verifyUrl" time="0.036"/>
  <system-out/>
  <testcase classname="pageObjectModel.TestCase.LoginPageTest" name="verifyTitle" time="0.022"/>
  <system-out/>
  <testcase classname="pageObjectModel.TestCase.LoginPageTest" name="verifyLogin" time="2.018"/>
  <system-out/>
</testsuite> <!-- pageObjectModel.TestCase.LoginPageTest -->
