<?xml version="1.0" encoding="UTF-8"?>
<!-- Generated by org.testng.reporters.JUnitReportReporter -->
<testsuite hostname="LAPTOP-OLKMDF30" failures="0" tests="1" name="testNGDemo.TestDataUsingXml" time="0.018" errors="0" timestamp="2023-12-29T17:02:35 IST" skipped="0">
  <testcase classname="testNGDemo.TestDataUsingXml" name="loginTest" time="0.018"/>
  <system-out/>
</testsuite> <!-- testNGDemo.TestDataUsingXml -->
