<?xml version="1.0" encoding="UTF-8"?>
<!-- Generated by org.testng.reporters.JUnitReportReporter -->
<testsuite hostname="LAPTOP-OLKMDF30" failures="0" tests="2" name="testNGDemo.AssertionInTestNG" time="0.095" errors="0" timestamp="2023-12-22T18:17:35 IST" skipped="0">
  <testcase classname="testNGDemo.AssertionInTestNG" name="hardAssertion" time="0.004"/>
  <system-out/>
  <testcase classname="testNGDemo.AssertionInTestNG" name="SoftAssertionTest" time="0.091"/>
  <system-out/>
</testsuite> <!-- testNGDemo.AssertionInTestNG -->
