<?xml version="1.0" encoding="UTF-8"?>
<!-- Generated by org.testng.reporters.JUnitReportReporter -->
<testsuite hostname="LAPTOP-OLKMDF30" failures="0" tests="4" name="testNGDemo.TestDeo3_Priority" time="0.041" errors="0" timestamp="2023-12-22T18:17:35 IST" skipped="0">
  <testcase classname="testNGDemo.TestDeo3_Priority" name="registerTest" time="0.019"/>
  <system-out/>
  <testcase classname="testNGDemo.TestDeo3_Priority" name="loginTest" time="0.005"/>
  <system-out/>
  <testcase classname="testNGDemo.TestDeo3_Priority" name="searchProductTest" time="0.009"/>
  <system-out/>
  <testcase classname="testNGDemo.TestDeo3_Priority" name="addToCartTest" time="0.008"/>
  <system-out/>
</testsuite> <!-- testNGDemo.TestDeo3_Priority -->
