<?xml version="1.0" encoding="UTF-8"?>
<!-- Generated by org.testng.reporters.JUnitReportReporter -->
<testsuite hostname="LAPTOP-OLKMDF30" failures="0" tests="1" name="webDriver_assignments.RegistrationPageTest" time="6.600" errors="0" timestamp="2024-01-19T12:06:24 IST" skipped="0">
  <testcase classname="webDriver_assignments.RegistrationPageTest" name="facebookRegistration" time="6.600"/>
  <system-out/>
</testsuite> <!-- webDriver_assignments.RegistrationPageTest -->
