<?xml version="1.0" encoding="UTF-8"?>
<!-- Generated by org.testng.reporters.JUnitReportReporter -->
<testsuite hostname="LAPTOP-OLKMDF30" failures="0" tests="1" name="DataDrivenTest.ExtentReportDemo" time="0.870" errors="0" timestamp="2024-01-04T14:55:01 IST" skipped="0">
  <testcase classname="DataDrivenTest.ExtentReportDemo" name="reportTest" time="0.870"/>
  <system-out/>
</testsuite> <!-- DataDrivenTest.ExtentReportDemo -->
