<?xml version="1.0" encoding="UTF-8"?>
<!-- Generated by org.testng.reporters.JUnitReportReporter -->
<testsuite hostname="LAPTOP-OLKMDF30" failures="0" tests="1" name="capstoneProject.Scenario_1" time="1.499" errors="0" timestamp="2024-01-16T17:05:07 IST" skipped="0">
  <testcase classname="capstoneProject.Scenario_1" name="dataRead" time="1.499"/>
  <system-out/>
</testsuite> <!-- capstoneProject.Scenario_1 -->
