<?xml version="1.0" encoding="UTF-8"?>
<!-- Generated by org.testng.reporters.JUnitReportReporter -->
<testsuite hostname="LAPTOP-OLKMDF30" failures="0" tests="3" name="pageObjectAssignment.TestCase.LoginPageTest_1" time="2.405" errors="0" timestamp="2024-01-19T11:54:35 IST" skipped="0">
  <testcase classname="pageObjectAssignment.TestCase.LoginPageTest_1" name="verifyUrl" time="0.025"/>
  <system-out/>
  <testcase classname="pageObjectAssignment.TestCase.LoginPageTest_1" name="verifyTitle" time="0.012"/>
  <system-out/>
  <testcase classname="pageObjectAssignment.TestCase.LoginPageTest_1" name="verifyLogin" time="2.368"/>
  <system-out/>
</testsuite> <!-- pageObjectAssignment.TestCase.LoginPageTest_1 -->
