<?xml version="1.0" encoding="UTF-8"?>
<!-- Generated by org.testng.reporters.JUnitReportReporter -->
<testsuite hostname="LAPTOP-OLKMDF30" failures="0" tests="1" name="DataDrivenTest.ExcelDataRead" time="1.817" errors="0" timestamp="2024-01-13T16:11:26 IST" skipped="0">
  <testcase classname="DataDrivenTest.ExcelDataRead" name="dataRead" time="1.817"/>
  <system-out/>
</testsuite> <!-- DataDrivenTest.ExcelDataRead -->
