<?xml version="1.0" encoding="UTF-8"?>
<!-- Generated by org.testng.reporters.JUnitReportReporter -->
<testsuite hostname="LAPTOP-OLKMDF30" failures="0" tests="1" name="webDriver_assignments.ScreenShot" time="4.410" errors="0" timestamp="2024-01-19T12:08:12 IST" skipped="0">
  <testcase classname="webDriver_assignments.ScreenShot" name="screenShotTest" time="4.410"/>
  <system-out/>
</testsuite> <!-- webDriver_assignments.ScreenShot -->
