<?xml version="1.0" encoding="UTF-8"?>
<!-- Generated by org.testng.reporters.JUnitReportReporter -->
<testsuite hostname="LAPTOP-OLKMDF30" failures="0" tests="4" name="testNGDemo.TestDemo3_Priority" time="0.000" errors="0" timestamp="2023-12-26T12:28:45 IST" skipped="0">
  <testcase classname="testNGDemo.TestDemo3_Priority" name="registerTest" time="0.000"/>
  <system-out/>
  <testcase classname="testNGDemo.TestDemo3_Priority" name="loginTest" time="0.000"/>
  <system-out/>
  <testcase classname="testNGDemo.TestDemo3_Priority" name="searchProductTest" time="0.000"/>
  <system-out/>
  <testcase classname="testNGDemo.TestDemo3_Priority" name="addToCartTest" time="0.000"/>
  <system-out/>
</testsuite> <!-- testNGDemo.TestDemo3_Priority -->
