<?xml version="1.0" encoding="UTF-8"?>
<!-- Generated by org.testng.reporters.JUnitReportReporter -->
<testsuite hostname="LAPTOP-OLKMDF30" failures="0" tests="2" name="testNGDemo.TestDemo1" time="0.014" errors="0" timestamp="2023-12-26T12:28:45 IST" skipped="0">
  <testcase classname="testNGDemo.TestDemo1" name="TestCase2" time="0.001"/>
  <system-out/>
  <testcase classname="testNGDemo.TestDemo1" name="TestCase1" time="0.013"/>
  <system-out/>
</testsuite> <!-- testNGDemo.TestDemo1 -->
