<?xml version="1.0" encoding="UTF-8"?>
<!-- Generated by org.testng.reporters.JUnitReportReporter -->
<testsuite hostname="LAPTOP-OLKMDF30" failures="0" tests="3" name="testNGDemo.TestDemo2" time="32.149" errors="0" timestamp="2023-12-26T12:28:45 IST" skipped="0">
  <testcase classname="testNGDemo.TestDemo2" name="ChromeTest" time="9.533"/>
  <system-out/>
  <testcase classname="testNGDemo.TestDemo2" name="FirefoxTest" time="10.128"/>
  <system-out/>
  <testcase classname="testNGDemo.TestDemo2" name="EdgeTest" time="12.488"/>
  <system-out/>
</testsuite> <!-- testNGDemo.TestDemo2 -->
